This file contains any messages produced by compilers while
running configure, to aid debugging if configure makes a mistake.

It was created by configure, which was
generated by GNU Autoconf 2.57.  Invocation command line was

  $ ./configure 

## --------- ##
## Platform. ##
## --------- ##

hostname = mindfuck
uname -m = i686
uname -r = 2.4.18
uname -s = Linux
uname -v = #11 Mon Feb 3 21:08:50 CET 2003

/usr/bin/uname -p = unknown
/bin/uname -X     = unknown

/bin/arch              = i686
/usr/bin/arch -k       = unknown
/usr/convex/getsysinfo = unknown
hostinfo               = unknown
/bin/machine           = unknown
/usr/bin/oslevel       = unknown
/bin/universe          = unknown

PATH: /home/pix/bin
PATH: /opt/gnome/bin
PATH: /usr/java/j2re1.4.1/bin
PATH: /home/pix/bin
PATH: /opt/gnome/bin
PATH: /usr/java/j2re1.4.1/bin
PATH: /home/pix/bin
PATH: /opt/gnome/bin
PATH: /usr/java/j2re1.4.1/bin
PATH: /usr/local/bin
PATH: /bin
PATH: /usr/bin
PATH: /usr/X11R6/bin


## ----------- ##
## Core tests. ##
## ----------- ##

configure:1490: checking for a BSD-compatible install
configure:1544: result: /usr/bin/install -c
configure:1555: checking whether build environment is sane
configure:1598: result: yes
configure:1631: checking for gawk
configure:1647: found /bin/gawk
configure:1657: result: gawk
configure:1667: checking whether make sets $(MAKE)
configure:1687: result: yes
configure:1875: checking for style of include used by make
configure:1903: result: GNU
configure:1974: checking for gcc
configure:1990: found /usr/bin/gcc
configure:2000: result: gcc
configure:2244: checking for C compiler version
configure:2247: gcc --version </dev/null >&5
gcc (GCC) 3.2 20020903 (Red Hat Linux 8.0 3.2-7)
Copyright (C) 2002 Free Software Foundation, Inc.
This is free software; see the source for copying conditions.  There is NO
warranty; not even for MERCHANTABILITY or FITNESS FOR A PARTICULAR PURPOSE.

configure:2250: $? = 0
configure:2252: gcc -v </dev/null >&5
Reading specs from /usr/lib/gcc-lib/i386-redhat-linux/3.2/specs
Configured with: ../configure --prefix=/usr --mandir=/usr/share/man --infodir=/usr/share/info --enable-shared --enable-threads=posix --disable-checking --host=i386-redhat-linux --with-system-zlib --enable-__cxa_atexit
Thread model: posix
gcc version 3.2 20020903 (Red Hat Linux 8.0 3.2-7)
configure:2255: $? = 0
configure:2257: gcc -V </dev/null >&5
gcc: argument to `-V' is missing
configure:2260: $? = 1
configure:2284: checking for C compiler default output
configure:2287: gcc    conftest.c  >&5
configure:2290: $? = 0
configure:2336: result: a.out
configure:2341: checking whether the C compiler works
configure:2347: ./a.out
configure:2350: $? = 0
configure:2367: result: yes
configure:2374: checking whether we are cross compiling
configure:2376: result: no
configure:2379: checking for suffix of executables
configure:2381: gcc -o conftest    conftest.c  >&5
configure:2384: $? = 0
configure:2409: result: 
configure:2415: checking for suffix of object files
configure:2437: gcc -c   conftest.c >&5
configure:2440: $? = 0
configure:2462: result: o
configure:2466: checking whether we are using the GNU C compiler
configure:2491: gcc -c   conftest.c >&5
configure:2494: $? = 0
configure:2497: test -s conftest.o
configure:2500: $? = 0
configure:2513: result: yes
configure:2519: checking whether gcc accepts -g
configure:2541: gcc -c -g  conftest.c >&5
configure:2544: $? = 0
configure:2547: test -s conftest.o
configure:2550: $? = 0
configure:2561: result: yes
configure:2578: checking for gcc option to accept ANSI C
configure:2639: gcc  -c -g -O2  conftest.c >&5
configure:2642: $? = 0
configure:2645: test -s conftest.o
configure:2648: $? = 0
configure:2666: result: none needed
configure:2684: gcc -c -g -O2  conftest.c >&5
conftest.c:2: parse error before "me"
configure:2687: $? = 1
configure: failed program was:
| #ifndef __cplusplus
|   choke me
| #endif
configure:2798: checking dependency style of gcc
configure:2860: result: gcc3
configure:2929: checking build system type
configure:2947: result: i686-pc-linux-gnu
configure:2955: checking host system type
configure:2969: result: i686-pc-linux-gnu
configure:2999: checking for ld used by GCC
configure:3062: result: /usr/bin/ld
configure:3071: checking if the linker (/usr/bin/ld) is GNU ld
GNU ld version 2.13.90.0.2 20020802
configure:3083: result: yes
configure:3088: checking for /usr/bin/ld option to reload object files
configure:3095: result: -r
configure:3100: checking for BSD-compatible nm
configure:3136: result: /usr/bin/nm -B
configure:3139: checking whether ln -s works
configure:3143: result: yes
configure:3150: checking how to recognise dependant libraries
configure:3328: result: pass_all
configure:3341: checking command to parse /usr/bin/nm -B output
configure:3422: gcc -c -g -O2  conftest.c >&5
configure:3425: $? = 0
configure:3429: /usr/bin/nm -B conftest.o \| sed -n -e 's/^.*[ 	]\([ABCDGISTW][ABCDGISTW]*\)[ 	][ 	]*\(\)\([_A-Za-z][_A-Za-z0-9]*\)$/\1 \2\3 \3/p' \> conftest.nm
configure:3432: $? = 0
configure:3484: gcc -o conftest -g -O2   conftest.c conftstm.o >&5
configure:3487: $? = 0
configure:3531: result: ok
configure:3540: checking how to run the C preprocessor
configure:3576: gcc -E  conftest.c
configure:3582: $? = 0
configure:3614: gcc -E  conftest.c
configure:3615:28: ac_nonexistent.h: No such file or directory
configure:3620: $? = 1
configure: failed program was:
| #line 3605 "configure"
| /* confdefs.h.  */
| 
| #define PACKAGE_NAME ""
| #define PACKAGE_TARNAME ""
| #define PACKAGE_VERSION ""
| #define PACKAGE_STRING ""
| #define PACKAGE_BUGREPORT ""
| #define PACKAGE "gmerlin_avdec"
| #define VERSION "0.1.0"
| /* end confdefs.h.  */
| #include <ac_nonexistent.h>
configure:3658: result: gcc -E
configure:3683: gcc -E  conftest.c
configure:3689: $? = 0
configure:3721: gcc -E  conftest.c
configure:3722:28: ac_nonexistent.h: No such file or directory
configure:3727: $? = 1
configure: failed program was:
| #line 3712 "configure"
| /* confdefs.h.  */
| 
| #define PACKAGE_NAME ""
| #define PACKAGE_TARNAME ""
| #define PACKAGE_VERSION ""
| #define PACKAGE_STRING ""
| #define PACKAGE_BUGREPORT ""
| #define PACKAGE "gmerlin_avdec"
| #define VERSION "0.1.0"
| /* end confdefs.h.  */
| #include <ac_nonexistent.h>
configure:3770: checking for egrep
configure:3780: result: grep -E
configure:3785: checking for ANSI C header files
configure:3811: gcc -c -g -O2  conftest.c >&5
configure:3814: $? = 0
configure:3817: test -s conftest.o
configure:3820: $? = 0
configure:3909: gcc -o conftest -g -O2   conftest.c  >&5
configure:3912: $? = 0
configure:3914: ./conftest
configure:3917: $? = 0
configure:3932: result: yes
configure:3956: checking for sys/types.h
configure:3973: gcc -c -g -O2  conftest.c >&5
configure:3976: $? = 0
configure:3979: test -s conftest.o
configure:3982: $? = 0
configure:3993: result: yes
configure:3956: checking for sys/stat.h
configure:3973: gcc -c -g -O2  conftest.c >&5
configure:3976: $? = 0
configure:3979: test -s conftest.o
configure:3982: $? = 0
configure:3993: result: yes
configure:3956: checking for stdlib.h
configure:3973: gcc -c -g -O2  conftest.c >&5
configure:3976: $? = 0
configure:3979: test -s conftest.o
configure:3982: $? = 0
configure:3993: result: yes
configure:3956: checking for string.h
configure:3973: gcc -c -g -O2  conftest.c >&5
configure:3976: $? = 0
configure:3979: test -s conftest.o
configure:3982: $? = 0
configure:3993: result: yes
configure:3956: checking for memory.h
configure:3973: gcc -c -g -O2  conftest.c >&5
configure:3976: $? = 0
configure:3979: test -s conftest.o
configure:3982: $? = 0
configure:3993: result: yes
configure:3956: checking for strings.h
configure:3973: gcc -c -g -O2  conftest.c >&5
configure:3976: $? = 0
configure:3979: test -s conftest.o
configure:3982: $? = 0
configure:3993: result: yes
configure:3956: checking for inttypes.h
configure:3973: gcc -c -g -O2  conftest.c >&5
configure:3976: $? = 0
configure:3979: test -s conftest.o
configure:3982: $? = 0
configure:3993: result: yes
configure:3956: checking for stdint.h
configure:3973: gcc -c -g -O2  conftest.c >&5
configure:3976: $? = 0
configure:3979: test -s conftest.o
configure:3982: $? = 0
configure:3993: result: yes
configure:3956: checking for unistd.h
configure:3973: gcc -c -g -O2  conftest.c >&5
configure:3976: $? = 0
configure:3979: test -s conftest.o
configure:3982: $? = 0
configure:3993: result: yes
configure:4019: checking dlfcn.h usability
configure:4032: gcc -c -g -O2  conftest.c >&5
configure:4035: $? = 0
configure:4038: test -s conftest.o
configure:4041: $? = 0
configure:4051: result: yes
configure:4055: checking dlfcn.h presence
configure:4066: gcc -E  conftest.c
configure:4072: $? = 0
configure:4091: result: yes
configure:4127: checking for dlfcn.h
configure:4134: result: yes
configure:4331: checking for ranlib
configure:4347: found /usr/bin/ranlib
configure:4358: result: ranlib
configure:4411: checking for strip
configure:4427: found /usr/bin/strip
configure:4438: result: strip
configure:4648: checking for objdir
configure:4659: result: .libs
configure:4676: checking for gcc option to produce PIC
configure:4826: result: -fPIC
configure:4830: checking if gcc PIC flag -fPIC works
configure:4854: gcc -c -g -O2 -fPIC -DPIC  conftest.c >&5
configure:4857: $? = 0
configure:4860: test -s conftest.o
configure:4863: $? = 0
configure:4901: result: yes
configure:4917: checking if gcc static flag -static works
configure:4942: gcc -o conftest -g -O2   -static conftest.c  >&5
configure:4945: $? = 0
configure:4948: test -s conftest
configure:4951: $? = 0
configure:4967: result: yes
configure:4979: checking if gcc supports -c -o file.o
configure:5002: gcc -c -g -O2 -o out/conftest2.o  conftest.c >&5
configure:5023: result: yes
configure:5028: checking if gcc supports -c -o file.lo
configure:5056: gcc -c -g -O2 -c -o conftest.lo  conftest.c >&5
configure:5059: $? = 0
configure:5062: test -s conftest.lo
configure:5065: $? = 0
configure:5087: result: yes
configure:5118: checking if gcc supports -fno-rtti -fno-exceptions
configure:5141: gcc -c -g -O2 -fno-rtti -fno-exceptions -c conftest.c  conftest.c >&5
configure:5144: $? = 0
configure:5147: test -s conftest.o
configure:5150: $? = 0
configure:5167: result: yes
configure:5178: checking whether the linker (/usr/bin/ld) supports shared libraries
configure:5858: result: yes
configure:5863: checking how to hardcode library paths into programs
configure:5887: result: immediate
configure:5892: checking whether stripping libraries is possible
configure:5897: result: yes
configure:5908: checking dynamic linker characteristics
configure:6301: result: GNU/Linux ld.so
configure:6306: checking if libtool supports shared libraries
configure:6308: result: yes
configure:6311: checking whether to build shared libraries
configure:6332: result: yes
configure:6335: checking whether to build static libraries
configure:6339: result: no
configure:7013: checking whether -lc should be explicitly linked in
configure:7021: gcc -c -g -O2  conftest.c >&5
configure:7024: $? = 0
configure:7038: gcc -shared conftest.o  -v -Wl,-soname -Wl,conftest -o conftest 2\>\&1 \| grep  -lc  \>/dev/null 2\>\&1
configure:7041: $? = 0
configure:7054: result: no
configure:7632: checking for pkg-config
configure:7650: found /usr/bin/pkg-config
configure:7663: result: /usr/bin/pkg-config
configure:7680: checking for gavl >= 0.2.0
configure:7684: result: yes
configure:7688: checking GAVL_CFLAGS
configure:7691: result: -I/home/pix/include -I/home/pix/lib/gavl/include/  
configure:7694: checking GAVL_LIBS
configure:7697: result: -L/home/pix/lib -lgavl  
configure:7778: checking for gmerlin >= 0.3.0
configure:7782: result: yes
configure:7786: checking GMERLIN_CFLAGS
configure:7789: result: -I/home/pix/include -I/home/pix/lib/gavl/include/ -I/opt/gnome/include/libxml2  
configure:7792: checking GMERLIN_LIBS
configure:7795: result: -L/home/pix/lib -L/opt/gnome/lib -lxml2 -lz -lm -lgavl  
configure:7841: checking for avcodec_open in -lavcodec
configure:7872: gcc -o conftest -g -O2   conftest.c -lavcodec   >&5
configure:7875: $? = 0
configure:7878: test -s conftest
configure:7881: $? = 0
configure:7893: result: yes
configure:7979: checking for Vorbis
configure:8026: gcc -o conftest -g -O2     conftest.c   -lvorbis -lm -lvorbisenc  >&5
configure:8029: $? = 0
configure:8031: ./conftest
configure:8034: $? = 0
configure:8052: result: yes
configure:8158: checking for libpng
configure:8180: gcc -o conftest    conftest.c -lpng -lm -lz >&5
configure:8183: $? = 0
configure:8186: test -s conftest
configure:8189: $? = 0
configure:8204: result: yes
configure:8244: checking for faad2
configure:8281: gcc -o conftest    conftest.c -lfaad -lm >&5
configure:8284: $? = 0
configure:8286: ./conftest
configure:8289: $? = 0
configure:8294: result: yes
configure:8396: checking sys/mman.h usability
configure:8409: gcc -c -g -O2  conftest.c >&5
configure:8412: $? = 0
configure:8415: test -s conftest.o
configure:8418: $? = 0
configure:8428: result: yes
configure:8432: checking sys/mman.h presence
configure:8443: gcc -E  conftest.c
configure:8449: $? = 0
configure:8468: result: yes
configure:8504: checking for sys/mman.h
configure:8511: result: yes
configure:8538: checking if gcc supports -O3 flags
configure:8559: gcc -c -O3  conftest.c >&5
configure:8562: $? = 0
configure:8565: test -s conftest.o
configure:8568: $? = 0
configure:8579: result: yes
configure:8587: checking if gcc supports -O3 -fomit-frame-pointer -funroll-all-loops -falign-functions=2 -falign-loops=2 -falign-jumps=2 flags
configure:8608: gcc -c -O3 -fomit-frame-pointer -funroll-all-loops -falign-functions=2 -falign-loops=2 -falign-jumps=2  conftest.c >&5
configure:8611: $? = 0
configure:8614: test -s conftest.o
configure:8617: $? = 0
configure:8628: result: yes
configure:8644: checking if gcc supports -O3 -fomit-frame-pointer -funroll-all-loops -falign-functions=2 -falign-loops=2 -falign-jumps=2 -mcpu=pentiumpro flags
configure:8665: gcc -c -O3 -fomit-frame-pointer -funroll-all-loops -falign-functions=2 -falign-loops=2 -falign-jumps=2 -mcpu=pentiumpro  conftest.c >&5
configure:8668: $? = 0
configure:8671: test -s conftest.o
configure:8674: $? = 0
configure:8685: result: yes
configure:8861: creating ./config.status

## ---------------------- ##
## Running config.status. ##
## ---------------------- ##

This file was extended by config.status, which was
generated by GNU Autoconf 2.57.  Invocation command line was

  CONFIG_FILES    = 
  CONFIG_HEADERS  = 
  CONFIG_LINKS    = 
  CONFIG_COMMANDS = 
  $ ./config.status 

on mindfuck

config.status:702: creating Makefile
config.status:702: creating include/Makefile
config.status:702: creating lib/Makefile
config.status:702: creating lib/libw32dll/Makefile
config.status:702: creating lib/libw32dll/dmo/Makefile
config.status:702: creating lib/libw32dll/qtx/Makefile
config.status:702: creating lib/libw32dll/qtx/qtxsdk/Makefile
config.status:702: creating lib/libw32dll/wine/Makefile
config.status:702: creating lib/libw32dll/DirectShow/Makefile
config.status:702: creating lib/real_rtsp/Makefile
config.status:702: creating plugins/Makefile
config.status:702: creating tests/Makefile
config.status:806: creating include/config.h
config.status:925: include/config.h is unchanged
config.status:1031: executing depfiles commands

## ---------------- ##
## Cache variables. ##
## ---------------- ##

ac_cv_build=i686-pc-linux-gnu
ac_cv_build_alias=i686-pc-linux-gnu
ac_cv_c_compiler_gnu=yes
ac_cv_env_CC_set=
ac_cv_env_CC_value=
ac_cv_env_CFLAGS_set=
ac_cv_env_CFLAGS_value=
ac_cv_env_CPPFLAGS_set=
ac_cv_env_CPPFLAGS_value=
ac_cv_env_CPP_set=
ac_cv_env_CPP_value=
ac_cv_env_LDFLAGS_set=
ac_cv_env_LDFLAGS_value=
ac_cv_env_build_alias_set=
ac_cv_env_build_alias_value=
ac_cv_env_host_alias_set=
ac_cv_env_host_alias_value=
ac_cv_env_target_alias_set=
ac_cv_env_target_alias_value=
ac_cv_exeext=
ac_cv_header_dlfcn_h=yes
ac_cv_header_inttypes_h=yes
ac_cv_header_memory_h=yes
ac_cv_header_stdc=yes
ac_cv_header_stdint_h=yes
ac_cv_header_stdlib_h=yes
ac_cv_header_string_h=yes
ac_cv_header_strings_h=yes
ac_cv_header_sys_mman_h=yes
ac_cv_header_sys_stat_h=yes
ac_cv_header_sys_types_h=yes
ac_cv_header_unistd_h=yes
ac_cv_host=i686-pc-linux-gnu
ac_cv_host_alias=i686-pc-linux-gnu
ac_cv_lib_avcodec_avcodec_open=yes
ac_cv_objext=o
ac_cv_path_PKG_CONFIG=/usr/bin/pkg-config
ac_cv_path_install='/usr/bin/install -c'
ac_cv_prog_AWK=gawk
ac_cv_prog_CPP='gcc -E'
ac_cv_prog_ac_ct_CC=gcc
ac_cv_prog_ac_ct_RANLIB=ranlib
ac_cv_prog_ac_ct_STRIP=strip
ac_cv_prog_cc_g=yes
ac_cv_prog_cc_stdc=
ac_cv_prog_egrep='grep -E'
ac_cv_prog_make_make_set=yes
ac_cv_try_cflags_ok=yes
am_cv_CC_dependencies_compiler_type=gcc3
lt_cv_archive_cmds_need_lc=no
lt_cv_compiler_c_o=yes
lt_cv_compiler_o_lo=yes
lt_cv_deplibs_check_method=pass_all
lt_cv_file_magic_cmd='$MAGIC_CMD'
lt_cv_file_magic_test_file='/lib/libc.so.6 /lib/libc-2.2.93.so'
lt_cv_global_symbol_to_c_name_address='sed -n -e '\''s/^: \([^ ]*\) $/  {\"\1\", (lt_ptr) 0},/p'\'' -e '\''s/^[BCDEGRST] \([^ ]*\) \([^ ]*\)$/  {"\2", (lt_ptr) \&\2},/p'\'''
lt_cv_global_symbol_to_cdecl='sed -n -e '\''s/^. .* \(.*\)$/extern char \1;/p'\'''
lt_cv_ld_reload_flag=-r
lt_cv_path_LD=/usr/bin/ld
lt_cv_path_NM='/usr/bin/nm -B'
lt_cv_prog_cc_can_build_shared=yes
lt_cv_prog_cc_no_builtin=
lt_cv_prog_cc_pic=' -fPIC'
lt_cv_prog_cc_pic_works=yes
lt_cv_prog_cc_shlib=
lt_cv_prog_cc_static=-static
lt_cv_prog_cc_static_works=yes
lt_cv_prog_cc_wl=-Wl,
lt_cv_prog_gnu_ld=yes
lt_cv_sys_global_symbol_pipe='sed -n -e '\''s/^.*[ 	]\([ABCDGISTW][ABCDGISTW]*\)[ 	][ 	]*\(\)\([_A-Za-z][_A-Za-z0-9]*\)$/\1 \2\3 \3/p'\'''

## ----------------- ##
## Output variables. ##
## ----------------- ##

ACLOCAL='${SHELL} /home/pix/Src/gmerlin_avdec-0.1.0/missing --run aclocal-1.6'
AMDEPBACKSLASH='\'
AMDEP_FALSE='#'
AMDEP_TRUE=''
AMTAR='${SHELL} /home/pix/Src/gmerlin_avdec-0.1.0/missing --run tar'
AUTOCONF='${SHELL} /home/pix/Src/gmerlin_avdec-0.1.0/missing --run autoconf'
AUTOHEADER='${SHELL} /home/pix/Src/gmerlin_avdec-0.1.0/missing --run autoheader'
AUTOMAKE='${SHELL} /home/pix/Src/gmerlin_avdec-0.1.0/missing --run automake-1.6'
AWK='gawk'
CC='gcc'
CCAS='$(CC)'
CCASCOMPILE='$(LIBTOOL) --mode=compile $(CCAS) $(AM_ASFLAGS) $(CCASFLAGS)'
CCASFLAGS='$(CFLAGS)'
CCDEPMODE='depmode=gcc3'
CFLAGS='-Wall -finline-functions -Wall -D_REENTRANT -D_FILE_OFFSET_BITS=64 -I/home/pix/include -I/home/pix/lib/gavl/include/   -O3 -fomit-frame-pointer -funroll-all-loops -falign-functions=2 -falign-loops=2 -falign-jumps=2 -mcpu=pentiumpro'
CPP='gcc -E'
CPPFLAGS=''
DEFS='-DHAVE_CONFIG_H'
DEPDIR='.deps'
ECHO='echo'
ECHO_C=''
ECHO_N='-n'
ECHO_T=''
EGREP='grep -E'
EXEEXT=''
FAAD2_CFLAGS=''
FAAD2_LIBS='-lfaad -lm'
GAVL_CFLAGS='-I/home/pix/include -I/home/pix/lib/gavl/include/  '
GAVL_LIBS='-L/home/pix/lib -lgavl  '
GMERLIN_CFLAGS='-I/home/pix/include -I/home/pix/lib/gavl/include/ -I/opt/gnome/include/libxml2  '
GMERLIN_LIBS='-L/home/pix/lib -L/opt/gnome/lib -lxml2 -lz -lm -lgavl  '
GMERLIN_LIB_DIR='/home/pix/lib/gmerlin'
GMERLIN_PLUGIN_DIR='/home/pix/lib/gmerlin/plugins'
HAVE_FAAD2_FALSE='#'
HAVE_FAAD2_TRUE=''
HAVE_LIBAVCODEC_FALSE='#'
HAVE_LIBAVCODEC_TRUE=''
HAVE_LIBPNG_FALSE='#'
HAVE_LIBPNG_TRUE=''
HAVE_VORBIS_FALSE='#'
HAVE_VORBIS_TRUE=''
HAVE_W32DLL_FALSE='#'
HAVE_W32DLL_TRUE=''
INSTALL_DATA='${INSTALL} -m 644'
INSTALL_PROGRAM='${INSTALL}'
INSTALL_SCRIPT='${INSTALL}'
INSTALL_STRIP_PROGRAM='${SHELL} $(install_sh) -c -s'
LDFLAGS=''
LIBOBJS=''
LIBS='-L/home/pix/lib -lgavl   -lavcodec '
LIBTOOL='$(SHELL) $(top_builddir)/libtool'
LN_S='ln -s'
LTLIBOBJS=''
MAKEINFO='${SHELL} /home/pix/Src/gmerlin_avdec-0.1.0/missing --run makeinfo'
OBJEXT='o'
PACKAGE='gmerlin_avdec'
PACKAGE_BUGREPORT=''
PACKAGE_NAME=''
PACKAGE_STRING=''
PACKAGE_TARNAME=''
PACKAGE_VERSION=''
PATH_SEPARATOR=':'
PKG_CONFIG='/usr/bin/pkg-config'
PNG_CFLAGS=''
PNG_LIBS='-lpng -lm -lz'
RANLIB='ranlib'
SET_MAKE=''
SHELL='/bin/sh'
STRIP='strip'
VERSION='0.1.0'
VORBISENC_LIBS='-lvorbisenc'
VORBISFILE_LIBS='-lvorbisfile'
VORBIS_CFLAGS=''
VORBIS_LIBS=' -lvorbis -lm'
W32_NO_OPTIMIZE=''
ac_ct_CC='gcc'
ac_ct_RANLIB='ranlib'
ac_ct_STRIP='strip'
am__include='include'
am__quote=''
bindir='${exec_prefix}/bin'
build='i686-pc-linux-gnu'
build_alias=''
build_cpu='i686'
build_os='linux-gnu'
build_vendor='pc'
datadir='${prefix}/share'
exec_prefix='/usr/local'
host='i686-pc-linux-gnu'
host_alias=''
host_cpu='i686'
host_os='linux-gnu'
host_vendor='pc'
includedir='${prefix}/include'
infodir='${prefix}/info'
install_sh='/home/pix/Src/gmerlin_avdec-0.1.0/install-sh'
libdir='${exec_prefix}/lib'
libexecdir='${exec_prefix}/libexec'
localstatedir='${prefix}/var'
mandir='${prefix}/man'
oldincludedir='/usr/include'
prefix='/usr/local'
program_transform_name='s,x,x,'
sbindir='${exec_prefix}/sbin'
sharedstatedir='${prefix}/com'
sysconfdir='${prefix}/etc'
target_alias=''
w32_path='/usr/lib/win32'

## ----------- ##
## confdefs.h. ##
## ----------- ##

#define HAVE_DLFCN_H 1
#define HAVE_FAAD2 1
#define HAVE_INTTYPES_H 1
#define HAVE_LIBAVCODEC 1
#define HAVE_LIBPNG 1
#define HAVE_LIBPNG 1
#define HAVE_MEMORY_H 1
#define HAVE_STDINT_H 1
#define HAVE_STDLIB_H 1
#define HAVE_STRINGS_H 1
#define HAVE_STRING_H 1
#define HAVE_SYS_MMAN_H 1
#define HAVE_SYS_STAT_H 1
#define HAVE_SYS_TYPES_H 1
#define HAVE_UNISTD_H 1
#define HAVE_VORBIS 1
#define HAVE_W32DLL 1
#define PACKAGE "gmerlin_avdec"
#define PACKAGE_BUGREPORT ""
#define PACKAGE_NAME ""
#define PACKAGE_STRING ""
#define PACKAGE_TARNAME ""
#define PACKAGE_VERSION ""
#define STDC_HEADERS 1
#define VERSION "0.1.0"

configure: exit 0

## ---------------------- ##
## Running config.status. ##
## ---------------------- ##

This file was extended by config.status, which was
generated by GNU Autoconf 2.57.  Invocation command line was

  CONFIG_FILES    = 
  CONFIG_HEADERS  = 
  CONFIG_LINKS    = 
  CONFIG_COMMANDS = 
  $ ./config.status include/config.h

on mindfuck

config.status:806: creating include/config.h
config.status:925: include/config.h is unchanged
