This file contains any messages produced by compilers while
running configure, to aid debugging if configure makes a mistake.

It was created by configure, which was
generated by GNU Autoconf 2.53.  Invocation command line was

  $ ./configure 

## --------- ##
## Platform. ##
## --------- ##

hostname = mindfuck
uname -m = i686
uname -r = 2.4.18
uname -s = Linux
uname -v = #11 Mon Feb 3 21:08:50 CET 2003

/usr/bin/uname -p = unknown
/bin/uname -X     = unknown

/bin/arch              = i686
/usr/bin/arch -k       = unknown
/usr/convex/getsysinfo = unknown
hostinfo               = unknown
/bin/machine           = unknown
/usr/bin/oslevel       = unknown
/bin/universe          = unknown

PATH: /home/pix/bin
PATH: /usr/java/j2re1.4.1_01/bin
PATH: /home/pix/bin
PATH: /usr/java/j2re1.4.1_01/bin
PATH: /home/pix/bin
PATH: /usr/java/j2re1.4.1_01/bin
PATH: /usr/local/bin
PATH: /bin
PATH: /usr/bin
PATH: /usr/X11R6/bin


## ----------- ##
## Core tests. ##
## ----------- ##

configure:1411: checking for a BSD-compatible install
configure:1465: result: /usr/bin/install -c
configure:1476: checking whether build environment is sane
configure:1519: result: yes
configure:1552: checking for gawk
configure:1568: found /bin/gawk
configure:1578: result: gawk
configure:1588: checking whether make sets ${MAKE}
configure:1608: result: yes
configure:1760: checking build system type
configure:1778: result: i686-pc-linux-gnu
configure:1786: checking host system type
configure:1800: result: i686-pc-linux-gnu
configure:1896: checking for style of include used by make
configure:1924: result: GNU
configure:1995: checking for gcc
configure:2011: found /usr/bin/gcc
configure:2021: result: gcc
configure:2265: checking for C compiler version
configure:2268: gcc --version </dev/null >&5
gcc (GCC) 3.2 20020903 (Red Hat Linux 8.0 3.2-7)
Copyright (C) 2002 Free Software Foundation, Inc.
This is free software; see the source for copying conditions.  There is NO
warranty; not even for MERCHANTABILITY or FITNESS FOR A PARTICULAR PURPOSE.

configure:2271: $? = 0
configure:2273: gcc -v </dev/null >&5
Reading specs from /usr/lib/gcc-lib/i386-redhat-linux/3.2/specs
Configured with: ../configure --prefix=/usr --mandir=/usr/share/man --infodir=/usr/share/info --enable-shared --enable-threads=posix --disable-checking --host=i386-redhat-linux --with-system-zlib --enable-__cxa_atexit
Thread model: posix
gcc version 3.2 20020903 (Red Hat Linux 8.0 3.2-7)
configure:2276: $? = 0
configure:2278: gcc -V </dev/null >&5
gcc: argument to `-V' is missing
configure:2281: $? = 1
configure:2307: checking for C compiler default output
configure:2310: gcc    conftest.c  >&5
configure:2313: $? = 0
configure:2346: result: a.out
configure:2351: checking whether the C compiler works
configure:2357: ./a.out
configure:2360: $? = 0
configure:2375: result: yes
configure:2382: checking whether we are cross compiling
configure:2384: result: no
configure:2387: checking for suffix of executables
configure:2389: gcc -o conftest    conftest.c  >&5
configure:2392: $? = 0
configure:2414: result: 
configure:2420: checking for suffix of object files
configure:2444: gcc -c   conftest.c >&5
configure:2447: $? = 0
configure:2466: result: o
configure:2470: checking whether we are using the GNU C compiler
configure:2497: gcc -c   conftest.c >&5
configure:2500: $? = 0
configure:2503: test -s conftest.o
configure:2506: $? = 0
configure:2518: result: yes
configure:2524: checking whether gcc accepts -g
configure:2548: gcc -c -g  conftest.c >&5
configure:2551: $? = 0
configure:2554: test -s conftest.o
configure:2557: $? = 0
configure:2567: result: yes
configure:2594: gcc -c -g -O2  conftest.c >&5
conftest.c:2: parse error before "me"
configure:2597: $? = 1
configure: failed program was:
#ifndef __cplusplus
  choke me
#endif
configure:2709: checking dependency style of gcc
configure:2771: result: gcc3
configure:2798: checking for ld used by GCC
configure:2861: result: /usr/bin/ld
configure:2870: checking if the linker (/usr/bin/ld) is GNU ld
GNU ld version 2.13.90.0.2 20020802
configure:2882: result: yes
configure:2887: checking for /usr/bin/ld option to reload object files
configure:2894: result: -r
configure:2899: checking for BSD-compatible nm
configure:2935: result: /usr/bin/nm -B
configure:2938: checking whether ln -s works
configure:2942: result: yes
configure:2949: checking how to recognise dependant libraries
configure:3127: result: pass_all
configure:3140: checking command to parse /usr/bin/nm -B output
configure:3221: gcc -c -g -O2  conftest.c >&5
configure:3224: $? = 0
configure:3228: /usr/bin/nm -B conftest.o \| sed -n -e 's/^.*[ 	]\([ABCDGISTW][ABCDGISTW]*\)[ 	][ 	]*\(\)\([_A-Za-z][_A-Za-z0-9]*\)$/\1 \2\3 \3/p' \> conftest.nm
configure:3231: $? = 0
configure:3283: gcc -o conftest -g -O2   conftest.c conftstm.o >&5
configure:3286: $? = 0
configure:3330: result: ok
configure:3339: checking how to run the C preprocessor
configure:3365: gcc -E  conftest.c
configure:3371: $? = 0
configure:3398: gcc -E  conftest.c
configure:3394:28: ac_nonexistent.h: No such file or directory
configure:3404: $? = 1
configure: failed program was:
#line 3393 "configure"
#include "confdefs.h"
#include <ac_nonexistent.h>
configure:3441: result: gcc -E
configure:3456: gcc -E  conftest.c
configure:3462: $? = 0
configure:3489: gcc -E  conftest.c
configure:3485:28: ac_nonexistent.h: No such file or directory
configure:3495: $? = 1
configure: failed program was:
#line 3484 "configure"
#include "confdefs.h"
#include <ac_nonexistent.h>
configure:3535: checking for ANSI C header files
configure:3549: gcc -E  conftest.c
configure:3555: $? = 0
configure:3640: gcc -o conftest -g -O2   conftest.c  >&5
configure:3643: $? = 0
configure:3645: ./conftest
configure:3648: $? = 0
configure:3662: result: yes
configure:3686: checking for sys/types.h
configure:3699: gcc -c -g -O2  conftest.c >&5
configure:3702: $? = 0
configure:3705: test -s conftest.o
configure:3708: $? = 0
configure:3718: result: yes
configure:3686: checking for sys/stat.h
configure:3699: gcc -c -g -O2  conftest.c >&5
configure:3702: $? = 0
configure:3705: test -s conftest.o
configure:3708: $? = 0
configure:3718: result: yes
configure:3686: checking for stdlib.h
configure:3699: gcc -c -g -O2  conftest.c >&5
configure:3702: $? = 0
configure:3705: test -s conftest.o
configure:3708: $? = 0
configure:3718: result: yes
configure:3686: checking for string.h
configure:3699: gcc -c -g -O2  conftest.c >&5
configure:3702: $? = 0
configure:3705: test -s conftest.o
configure:3708: $? = 0
configure:3718: result: yes
configure:3686: checking for memory.h
configure:3699: gcc -c -g -O2  conftest.c >&5
configure:3702: $? = 0
configure:3705: test -s conftest.o
configure:3708: $? = 0
configure:3718: result: yes
configure:3686: checking for strings.h
configure:3699: gcc -c -g -O2  conftest.c >&5
configure:3702: $? = 0
configure:3705: test -s conftest.o
configure:3708: $? = 0
configure:3718: result: yes
configure:3686: checking for inttypes.h
configure:3699: gcc -c -g -O2  conftest.c >&5
configure:3702: $? = 0
configure:3705: test -s conftest.o
configure:3708: $? = 0
configure:3718: result: yes
configure:3686: checking for stdint.h
configure:3699: gcc -c -g -O2  conftest.c >&5
configure:3702: $? = 0
configure:3705: test -s conftest.o
configure:3708: $? = 0
configure:3718: result: yes
configure:3686: checking for unistd.h
configure:3699: gcc -c -g -O2  conftest.c >&5
configure:3702: $? = 0
configure:3705: test -s conftest.o
configure:3708: $? = 0
configure:3718: result: yes
configure:3744: checking dlfcn.h usability
configure:3753: gcc -c -g -O2  conftest.c >&5
configure:3756: $? = 0
configure:3759: test -s conftest.o
configure:3762: $? = 0
configure:3771: result: yes
configure:3775: checking dlfcn.h presence
configure:3782: gcc -E  conftest.c
configure:3788: $? = 0
configure:3806: result: yes
configure:3824: checking for dlfcn.h
configure:3831: result: yes
configure:4028: checking for ranlib
configure:4044: found /usr/bin/ranlib
configure:4055: result: ranlib
configure:4108: checking for strip
configure:4124: found /usr/bin/strip
configure:4135: result: strip
configure:4346: checking for objdir
configure:4357: result: .libs
configure:4374: checking for gcc option to produce PIC
configure:4524: result: -fPIC
configure:4528: checking if gcc PIC flag -fPIC works
configure:4554: gcc -c -g -O2 -fPIC -DPIC  conftest.c >&5
configure:4557: $? = 0
configure:4560: test -s conftest.o
configure:4563: $? = 0
configure:4600: result: yes
configure:4616: checking if gcc static flag -static works
configure:4643: gcc -o conftest -g -O2   -static conftest.c  >&5
configure:4646: $? = 0
configure:4649: test -s conftest
configure:4652: $? = 0
configure:4667: result: yes
configure:4679: checking if gcc supports -c -o file.o
configure:4701: gcc -c -g -O2 -o out/conftest2.o  conftest.c >&5
configure:4723: result: yes
configure:4728: checking if gcc supports -c -o file.lo
configure:4758: gcc -c -g -O2 -c -o conftest.lo  conftest.c >&5
configure:4761: $? = 0
configure:4764: test -s conftest.lo
configure:4767: $? = 0
configure:4788: result: yes
configure:4819: checking if gcc supports -fno-rtti -fno-exceptions
configure:4844: gcc -c -g -O2 -fno-rtti -fno-exceptions -c conftest.c  conftest.c >&5
configure:4847: $? = 0
configure:4850: test -s conftest.o
configure:4853: $? = 0
configure:4869: result: yes
configure:4880: checking whether the linker (/usr/bin/ld) supports shared libraries
configure:5560: result: yes
configure:5565: checking how to hardcode library paths into programs
configure:5589: result: immediate
configure:5594: checking whether stripping libraries is possible
configure:5599: result: yes
configure:5610: checking dynamic linker characteristics
configure:6003: result: GNU/Linux ld.so
configure:6008: checking if libtool supports shared libraries
configure:6010: result: yes
configure:6013: checking whether to build shared libraries
configure:6034: result: yes
configure:6037: checking whether to build static libraries
configure:6041: result: yes
configure:6703: checking whether -lc should be explicitly linked in
configure:6711: gcc -c -g -O2  conftest.c >&5
configure:6714: $? = 0
configure:6728: gcc -shared conftest.o  -v -Wl,-soname -Wl,conftest -o conftest 2\>\&1 \| grep  -lc  \>/dev/null 2\>\&1
configure:6731: $? = 0
configure:6744: result: no
configure:7315: checking whether make sets ${MAKE}
configure:7335: result: yes
configure:7348: checking __attribute__ ((aligned ())) support
configure:7374: gcc -c -g -O2  conftest.c >&5
configure:7377: $? = 0
configure:7380: test -s conftest.o
configure:7383: $? = 0
configure:7374: gcc -c -g -O2  conftest.c >&5
configure:7377: $? = 0
configure:7380: test -s conftest.o
configure:7383: $? = 0
configure:7374: gcc -c -g -O2  conftest.c >&5
configure:7377: $? = 0
configure:7380: test -s conftest.o
configure:7383: $? = 0
configure:7374: gcc -c -g -O2  conftest.c >&5
configure:7377: $? = 0
configure:7380: test -s conftest.o
configure:7383: $? = 0
configure:7374: gcc -c -g -O2  conftest.c >&5
configure:7377: $? = 0
configure:7380: test -s conftest.o
configure:7383: $? = 0
configure:7374: gcc -c -g -O2  conftest.c >&5
configure:7377: $? = 0
configure:7380: test -s conftest.o
configure:7383: $? = 0
configure:7393: result: 64
configure:7403: checking whether byte ordering is bigendian
configure:7433: gcc -c -g -O2  conftest.c >&5
configure:7436: $? = 0
configure:7439: test -s conftest.o
configure:7442: $? = 0
configure:7469: gcc -c -g -O2  conftest.c >&5
configure: In function `main':
configure:7459: `not' undeclared (first use in this function)
configure:7459: (Each undeclared identifier is reported only once
configure:7459: for each function it appears in.)
configure:7459: parse error before "big"
configure:7472: $? = 1
configure: failed program was:
#line 7445 "configure"
#include "confdefs.h"
#include <sys/types.h>
#include <sys/param.h>

#ifdef F77_DUMMY_MAIN
#  ifdef __cplusplus
     extern "C"
#  endif
   int F77_DUMMY_MAIN() { return 1; }
#endif
int
main ()
{
#if BYTE_ORDER != BIG_ENDIAN
 not big endian
#endif

  ;
  return 0;
}
configure:7586: result: no
configure:7606: checking for memalign
configure:7649: gcc -o conftest -g -O2   conftest.c  >&5
configure:7652: $? = 0
configure:7655: test -s conftest
configure:7658: $? = 0
configure:7668: result: yes
configure:7678: checking for lrint
configure:7712: gcc -o conftest -O2 -lm   conftest.c  >&5
configure:7715: $? = 0
configure:7718: test -s conftest
configure:7721: $? = 0
configure:7735: result: yes
configure:7746: checking for lrintf
configure:7780: gcc -o conftest -O2 -lm   conftest.c  >&5
configure:7783: $? = 0
configure:7786: test -s conftest
configure:7789: $? = 0
configure:7803: result: yes
configure:7824: checking if gcc supports -O3 flags
configure:7847: gcc -c -O3  conftest.c >&5
configure:7850: $? = 0
configure:7853: test -s conftest.o
configure:7856: $? = 0
configure:7866: result: yes
configure:7875: checking if gcc supports -O3 -fomit-frame-pointer -funroll-all-loops -falign-functions=2 -falign-loops=2 -falign-jumps=2 flags
configure:7898: gcc -c -O3 -fomit-frame-pointer -funroll-all-loops -falign-functions=2 -falign-loops=2 -falign-jumps=2  conftest.c >&5
configure:7901: $? = 0
configure:7904: test -s conftest.o
configure:7907: $? = 0
configure:7917: result: yes
configure:7933: checking if gcc supports -O3 -fomit-frame-pointer -funroll-all-loops -falign-functions=2 -falign-loops=2 -falign-jumps=2 -mcpu=pentiumpro flags
configure:7956: gcc -c -O3 -fomit-frame-pointer -funroll-all-loops -falign-functions=2 -falign-loops=2 -falign-jumps=2 -mcpu=pentiumpro  conftest.c >&5
configure:7959: $? = 0
configure:7962: test -s conftest.o
configure:7965: $? = 0
configure:7975: result: yes
configure:8159: creating ./config.status

## ---------------------- ##
## Running config.status. ##
## ---------------------- ##

This file was extended by config.status, which was
generated by GNU Autoconf 2.53.  Invocation command line was

  CONFIG_FILES    = 
  CONFIG_HEADERS  = 
  CONFIG_LINKS    = 
  CONFIG_COMMANDS = 
  $ ./config.status 

on mindfuck

config.status:629: creating Makefile
config.status:629: creating gavl.spec
config.status:629: creating gavl.pc
config.status:629: creating src/Makefile
config.status:629: creating include/Makefile
config.status:629: creating include/gavlconfig.h
config.status:629: creating include/gavl/Makefile
config.status:629: creating gavl/Makefile
config.status:629: creating gavl/c/Makefile
config.status:629: creating gavl/mmx/Makefile
config.status:629: creating gavl/mmxext/Makefile
config.status:733: creating include/gavl/config.h
config.status:850: include/gavl/config.h is unchanged
config.status:951: executing depfiles commands

## ---------------- ##
## Cache variables. ##
## ---------------- ##

ac_cv_build=i686-pc-linux-gnu
ac_cv_build_alias=i686-pc-linux-gnu
ac_cv_c99_lrint=yes
ac_cv_c99_lrintf=yes
ac_cv_c_attr_align_try=64
ac_cv_c_attribute_aligned=64
ac_cv_c_bigendian=no
ac_cv_c_compiler_gnu=yes
ac_cv_env_CC_set=
ac_cv_env_CC_value=
ac_cv_env_CFLAGS_set=
ac_cv_env_CFLAGS_value=
ac_cv_env_CPPFLAGS_set=
ac_cv_env_CPPFLAGS_value=
ac_cv_env_CPP_set=
ac_cv_env_CPP_value=
ac_cv_env_LDFLAGS_set=
ac_cv_env_LDFLAGS_value=
ac_cv_env_build_alias_set=
ac_cv_env_build_alias_value=
ac_cv_env_host_alias_set=
ac_cv_env_host_alias_value=
ac_cv_env_target_alias_set=
ac_cv_env_target_alias_value=
ac_cv_exeext=
ac_cv_func_memalign=yes
ac_cv_header_dlfcn_h=yes
ac_cv_header_inttypes_h=yes
ac_cv_header_memory_h=yes
ac_cv_header_stdc=yes
ac_cv_header_stdint_h=yes
ac_cv_header_stdlib_h=yes
ac_cv_header_string_h=yes
ac_cv_header_strings_h=yes
ac_cv_header_sys_stat_h=yes
ac_cv_header_sys_types_h=yes
ac_cv_header_unistd_h=yes
ac_cv_host=i686-pc-linux-gnu
ac_cv_host_alias=i686-pc-linux-gnu
ac_cv_objext=o
ac_cv_path_install='/usr/bin/install -c'
ac_cv_prog_AWK=gawk
ac_cv_prog_CPP='gcc -E'
ac_cv_prog_ac_ct_CC=gcc
ac_cv_prog_ac_ct_RANLIB=ranlib
ac_cv_prog_ac_ct_STRIP=strip
ac_cv_prog_cc_g=yes
ac_cv_prog_make_make_set=yes
ac_cv_try_cflags_ok=yes
am_cv_CC_dependencies_compiler_type=gcc3
lt_cv_archive_cmds_need_lc=no
lt_cv_compiler_c_o=yes
lt_cv_compiler_o_lo=yes
lt_cv_deplibs_check_method=pass_all
lt_cv_file_magic_cmd='$MAGIC_CMD'
lt_cv_file_magic_test_file='/lib/libc.so.6 /lib/libc-2.2.93.so'
lt_cv_global_symbol_to_c_name_address='sed -n -e '\''s/^: \([^ ]*\) $/  {\"\1\", (lt_ptr) 0},/p'\'' -e '\''s/^[BCDEGRST] \([^ ]*\) \([^ ]*\)$/  {"\2", (lt_ptr) \&\2},/p'\'''
lt_cv_global_symbol_to_cdecl='sed -n -e '\''s/^. .* \(.*\)$/extern char \1;/p'\'''
lt_cv_ld_reload_flag=-r
lt_cv_path_LD=/usr/bin/ld
lt_cv_path_NM='/usr/bin/nm -B'
lt_cv_prog_cc_can_build_shared=yes
lt_cv_prog_cc_no_builtin=
lt_cv_prog_cc_pic=' -fPIC'
lt_cv_prog_cc_pic_works=yes
lt_cv_prog_cc_shlib=
lt_cv_prog_cc_static=-static
lt_cv_prog_cc_static_works=yes
lt_cv_prog_cc_wl=-Wl,
lt_cv_prog_gnu_ld=yes
lt_cv_sys_global_symbol_pipe='sed -n -e '\''s/^.*[ 	]\([ABCDGISTW][ABCDGISTW]*\)[ 	][ 	]*\(\)\([_A-Za-z][_A-Za-z0-9]*\)$/\1 \2\3 \3/p'\'''
lt_cv_sys_path_separator=:

## ----------- ##
## confdefs.h. ##
## ----------- ##

#define PACKAGE_NAME ""
#define PACKAGE_TARNAME ""
#define PACKAGE_VERSION ""
#define PACKAGE_STRING ""
#define PACKAGE_BUGREPORT ""
#define PACKAGE "gavl"
#define VERSION "0.2.0"
#define STDC_HEADERS 1
#define HAVE_SYS_TYPES_H 1
#define HAVE_SYS_STAT_H 1
#define HAVE_STDLIB_H 1
#define HAVE_STRING_H 1
#define HAVE_MEMORY_H 1
#define HAVE_STRINGS_H 1
#define HAVE_INTTYPES_H 1
#define HAVE_STDINT_H 1
#define HAVE_UNISTD_H 1
#define HAVE_DLFCN_H 1
#define ATTRIBUTE_ALIGNED_MAX 64
#define HAVE_MEMALIGN 1
#define HAVE_LRINT 1
#define HAVE_LRINTF 1
#define ARCH_X86

configure: exit 0

## ---------------------- ##
## Running config.status. ##
## ---------------------- ##

This file was extended by config.status, which was
generated by GNU Autoconf 2.53.  Invocation command line was

  CONFIG_FILES    = 
  CONFIG_HEADERS  = 
  CONFIG_LINKS    = 
  CONFIG_COMMANDS = 
  $ ./config.status gavl/Makefile depfiles

on mindfuck

config.status:629: creating gavl/Makefile
config.status:951: executing depfiles commands
